<?xml version="1.0" encoding="UTF-8"?>
<!-- Generated by org.testng.reporters.JUnitXMLReporter -->
<testsuite hostname="LIN51007274" name="Default test" tests="3" failures="0" timestamp="22 Nov 2019 11:00:01 GMT" time="32.704" errors="0">
  <testcase name="checkLogin" time="0.61" classname="com.capg.test.LoginTest"/>
  <testcase name="checkLogin" time="0.424" classname="com.capg.test.LoginTest"/>
  <testcase name="checkLogin" time="0.423" classname="com.capg.test.LoginTest"/>
</testsuite> <!-- Default test -->
