<?xml version="1.0" encoding="UTF-8"?>
<testng-results skipped="0" failed="0" total="1" passed="1">
  <reporter-output>
  </reporter-output>
  <suite name="Suite" duration-ms="48" started-at="2019-11-25T17:37:42Z" finished-at="2019-11-25T17:37:42Z">
    <groups>
    </groups>
    <test name="Test" duration-ms="48" started-at="2019-11-25T17:37:42Z" finished-at="2019-11-25T17:37:42Z">
      <class name="testNGFramework.TestDemo">
        <test-method status="PASS" signature="demo()[pri:0, instance:testNGFramework.TestDemo@6a024a67]" name="demo" duration-ms="21" started-at="2019-11-25T23:07:42Z" finished-at="2019-11-25T23:07:42Z">
          <reporter-output>
          </reporter-output>
        </test-method> <!-- demo -->
      </class> <!-- testNGFramework.TestDemo -->
    </test> <!-- Test -->
  </suite> <!-- Suite -->
</testng-results>
