<?xml version="1.0" encoding="UTF-8"?>
<testng-results skipped="0" failed="0" total="3" passed="3">
  <reporter-output>
  </reporter-output>
  <suite name="Default suite" duration-ms="32704" started-at="2019-11-22T10:59:29Z" finished-at="2019-11-22T11:00:01Z">
    <groups>
    </groups>
    <test name="Default test" duration-ms="32704" started-at="2019-11-22T10:59:29Z" finished-at="2019-11-22T11:00:01Z">
      <class name="com.capg.test.LoginTest">
        <test-method status="PASS" signature="init()[pri:0, instance:com.capg.test.LoginTest@378542de]" name="init" is-config="true" duration-ms="10" started-at="2019-11-22T16:29:29Z" finished-at="2019-11-22T16:29:29Z">
          <reporter-output>
          </reporter-output>
        </test-method> <!-- init -->
        <test-method status="PASS" signature="openBrowser()[pri:0, instance:com.capg.test.LoginTest@378542de]" name="openBrowser" is-config="true" duration-ms="9325" started-at="2019-11-22T16:29:29Z" finished-at="2019-11-22T16:29:39Z">
          <reporter-output>
          </reporter-output>
        </test-method> <!-- openBrowser -->
        <test-method status="PASS" signature="checkLogin(java.lang.String, java.lang.String)[pri:0, instance:com.capg.test.LoginTest@378542de]" name="checkLogin" duration-ms="610" started-at="2019-11-22T16:29:39Z" data-provider="getData" finished-at="2019-11-22T16:29:39Z">
          <params>
            <param index="0">
              <value>
                <![CDATA[capg]]>
              </value>
            </param>
            <param index="1">
              <value>
                <![CDATA[capg]]>
              </value>
            </param>
          </params>
          <reporter-output>
          </reporter-output>
        </test-method> <!-- checkLogin -->
        <test-method status="PASS" signature="quit()[pri:0, instance:com.capg.test.LoginTest@378542de]" name="quit" is-config="true" duration-ms="913" started-at="2019-11-22T16:29:39Z" finished-at="2019-11-22T16:29:40Z">
          <reporter-output>
          </reporter-output>
        </test-method> <!-- quit -->
        <test-method status="PASS" signature="openBrowser()[pri:0, instance:com.capg.test.LoginTest@378542de]" name="openBrowser" is-config="true" duration-ms="9179" started-at="2019-11-22T16:29:40Z" finished-at="2019-11-22T16:29:49Z">
          <reporter-output>
          </reporter-output>
        </test-method> <!-- openBrowser -->
        <test-method status="PASS" signature="checkLogin(java.lang.String, java.lang.String)[pri:0, instance:com.capg.test.LoginTest@378542de]" name="checkLogin" duration-ms="424" started-at="2019-11-22T16:29:49Z" data-provider="getData" finished-at="2019-11-22T16:29:50Z">
          <params>
            <param index="0">
              <value>
                <![CDATA[rincy]]>
              </value>
            </param>
            <param index="1">
              <value>
                <![CDATA[capg]]>
              </value>
            </param>
          </params>
          <reporter-output>
          </reporter-output>
        </test-method> <!-- checkLogin -->
        <test-method status="PASS" signature="quit()[pri:0, instance:com.capg.test.LoginTest@378542de]" name="quit" is-config="true" duration-ms="1033" started-at="2019-11-22T16:29:50Z" finished-at="2019-11-22T16:29:51Z">
          <reporter-output>
          </reporter-output>
        </test-method> <!-- quit -->
        <test-method status="PASS" signature="openBrowser()[pri:0, instance:com.capg.test.LoginTest@378542de]" name="openBrowser" is-config="true" duration-ms="9340" started-at="2019-11-22T16:29:51Z" finished-at="2019-11-22T16:30:00Z">
          <reporter-output>
          </reporter-output>
        </test-method> <!-- openBrowser -->
        <test-method status="PASS" signature="checkLogin(java.lang.String, java.lang.String)[pri:0, instance:com.capg.test.LoginTest@378542de]" name="checkLogin" duration-ms="423" started-at="2019-11-22T16:30:00Z" data-provider="getData" finished-at="2019-11-22T16:30:00Z">
          <params>
            <param index="0">
              <value>
                <![CDATA[radhika]]>
              </value>
            </param>
            <param index="1">
              <value>
                <![CDATA[capg123]]>
              </value>
            </param>
          </params>
          <reporter-output>
          </reporter-output>
        </test-method> <!-- checkLogin -->
        <test-method status="PASS" signature="quit()[pri:0, instance:com.capg.test.LoginTest@378542de]" name="quit" is-config="true" duration-ms="901" started-at="2019-11-22T16:30:00Z" finished-at="2019-11-22T16:30:01Z">
          <reporter-output>
          </reporter-output>
        </test-method> <!-- quit -->
      </class> <!-- com.capg.test.LoginTest -->
    </test> <!-- Default test -->
  </suite> <!-- Default suite -->
</testng-results>
