<?xml version="1.0" encoding="UTF-8"?>
<testng-results skipped="0" failed="0" ignored="0" total="2" passed="2">
  <reporter-output>
    <line>
      <![CDATA[<div "result">User should open application &quot;http:&#x2F;&#x2F;automationpractice.com&quot; on &quot;firefox&quot; browser (PASSED : 18s)</div>]]>
    </line>
    <line>
      <![CDATA[<div "result">User clicks on sign in link (PASSED : 2s)</div>]]>
    </line>
    <line>
      <![CDATA[<div "result">User enters &quot;seleniumpr@gmail.com&quot; in username field (PASSED : 0s)</div>]]>
    </line>
    <line>
      <![CDATA[<div "result">User enters &quot;seleniumpr&quot; in password field (PASSED : 0s)</div>]]>
    </line>
    <line>
      <![CDATA[<div "result">user clicks Signin button (PASSED : 2s)</div>]]>
    </line>
    <line>
      <![CDATA[<div "result">User should be login (PASSED : 0s)</div>]]>
    </line>
    <line>
      <![CDATA[<div "result">User should open application &quot;http:&#x2F;&#x2F;automationpractice.com&quot; on &quot;firefox&quot; browser (PASSED : 18s)</div>]]>
    </line>
    <line>
      <![CDATA[<div "result">User clicks on sign in link (PASSED : 2s)</div>]]>
    </line>
    <line>
      <![CDATA[<div "result">User enters &quot;seleniumpr@gmail.com&quot; in username field (PASSED : 0s)</div>]]>
    </line>
    <line>
      <![CDATA[<div "result">User enters &quot;selenium&quot; in password field (PASSED : 0s)</div>]]>
    </line>
    <line>
      <![CDATA[<div "result">user clicks Signin button (PASSED : 2s)</div>]]>
    </line>
    <line>
      <![CDATA[<div "result">User should not be login (PASSED : 0s)</div>]]>
    </line>
  </reporter-output>
  <suite name="Suite" duration-ms="47069" started-at="2018-01-07T09:20:38Z" finished-at="2018-01-07T09:21:25Z">
    <groups>
      <group name="cucumber">
        <method signature="AbstractTestNGCucumberTests.runScenario(cucumber.api.testng.PickleEventWrapper, cucumber.api.testng.CucumberFeatureWrapper)[pri:0, instance:cucumberRunner.JavaTestRunner@7085bdee]" name="runScenario" class="cucumber.api.testng.AbstractTestNGCucumberTests"/>
      </group> <!-- cucumber -->
    </groups>
    <test name="Test" duration-ms="47069" started-at="2018-01-07T09:20:38Z" finished-at="2018-01-07T09:21:25Z">
      <class name="cucumberRunner.JavaTestRunner">
        <test-method status="PASS" signature="setUpClass()[pri:0, instance:cucumberRunner.JavaTestRunner@7085bdee]" name="setUpClass" is-config="true" duration-ms="306" started-at="2018-01-07T14:50:38Z" finished-at="2018-01-07T14:50:39Z">
          <reporter-output>
          </reporter-output>
        </test-method> <!-- setUpClass -->
        <test-method status="PASS" signature="runScenario(cucumber.api.testng.PickleEventWrapper, cucumber.api.testng.CucumberFeatureWrapper)[pri:0, instance:cucumberRunner.JavaTestRunner@7085bdee]" name="runScenario" duration-ms="23623" started-at="2018-01-07T14:50:39Z" description="Runs Cucumber Scenarios" data-provider="scenarios" finished-at="2018-01-07T14:51:02Z">
          <params>
            <param index="0">
              <value>
                <![CDATA["Login with valid credentials"]]>
              </value>
            </param>
            <param index="1">
              <value>
                <![CDATA["Testing login scenarios"]]>
              </value>
            </param>
          </params>
          <reporter-output>
            <line>
              <![CDATA[<div "result">User should open application &quot;http:&#x2F;&#x2F;automationpractice.com&quot; on &quot;firefox&quot; browser (PASSED : 18s)</div>]]>
            </line>
            <line>
              <![CDATA[<div "result">User clicks on sign in link (PASSED : 2s)</div>]]>
            </line>
            <line>
              <![CDATA[<div "result">User enters &quot;seleniumpr@gmail.com&quot; in username field (PASSED : 0s)</div>]]>
            </line>
            <line>
              <![CDATA[<div "result">User enters &quot;seleniumpr&quot; in password field (PASSED : 0s)</div>]]>
            </line>
            <line>
              <![CDATA[<div "result">user clicks Signin button (PASSED : 2s)</div>]]>
            </line>
            <line>
              <![CDATA[<div "result">User should be login (PASSED : 0s)</div>]]>
            </line>
          </reporter-output>
        </test-method> <!-- runScenario -->
        <test-method status="PASS" signature="runScenario(cucumber.api.testng.PickleEventWrapper, cucumber.api.testng.CucumberFeatureWrapper)[pri:0, instance:cucumberRunner.JavaTestRunner@7085bdee]" name="runScenario" duration-ms="22918" started-at="2018-01-07T14:51:02Z" description="Runs Cucumber Scenarios" data-provider="scenarios" finished-at="2018-01-07T14:51:25Z">
          <params>
            <param index="0">
              <value>
                <![CDATA["Login with Invalid credentials"]]>
              </value>
            </param>
            <param index="1">
              <value>
                <![CDATA["Testing login scenarios"]]>
              </value>
            </param>
          </params>
          <reporter-output>
            <line>
              <![CDATA[<div "result">User should open application &quot;http:&#x2F;&#x2F;automationpractice.com&quot; on &quot;firefox&quot; browser (PASSED : 18s)</div>]]>
            </line>
            <line>
              <![CDATA[<div "result">User clicks on sign in link (PASSED : 2s)</div>]]>
            </line>
            <line>
              <![CDATA[<div "result">User enters &quot;seleniumpr@gmail.com&quot; in username field (PASSED : 0s)</div>]]>
            </line>
            <line>
              <![CDATA[<div "result">User enters &quot;selenium&quot; in password field (PASSED : 0s)</div>]]>
            </line>
            <line>
              <![CDATA[<div "result">user clicks Signin button (PASSED : 2s)</div>]]>
            </line>
            <line>
              <![CDATA[<div "result">User should not be login (PASSED : 0s)</div>]]>
            </line>
          </reporter-output>
        </test-method> <!-- runScenario -->
        <test-method status="PASS" signature="tearDownClass()[pri:0, instance:cucumberRunner.JavaTestRunner@7085bdee]" name="tearDownClass" is-config="true" duration-ms="88" started-at="2018-01-07T14:51:25Z" finished-at="2018-01-07T14:51:25Z">
          <reporter-output>
          </reporter-output>
        </test-method> <!-- tearDownClass -->
      </class> <!-- cucumberRunner.JavaTestRunner -->
    </test> <!-- Test -->
  </suite> <!-- Suite -->
</testng-results>
