<?xml version="1.0" encoding="UTF-8"?>
<!-- Generated by org.testng.reporters.JUnitXMLReporter -->
<testsuite hostname="lenovo" name="ChromeTest" tests="4" failures="0" timestamp="27 Sep 2016 07:46:09 GMT" time="53.33" errors="0">
  <testcase name="tc_1" time="41.019" classname="testNG2.ParallelTestExecution"/>
  <testcase name="tc_4" time="0.005" classname="testNG2.ParallelTestExecution1"/>
  <testcase name="tc_5" time="0.002" classname="testNG2.ParallelTestExecution1"/>
  <testcase name="tc_6" time="0.002" classname="testNG2.ParallelTestExecution1"/>
</testsuite> <!-- ChromeTest -->
