<?xml version="1.0" encoding="UTF-8"?>
<!-- Generated by org.testng.reporters.JUnitXMLReporter -->
<testsuite hostname="lenovo" name="FireFoxTest" tests="4" failures="0" timestamp="27 Sep 2016 07:46:44 GMT" time="90.297" errors="0">
  <testcase name="@BeforeClass launchBrowser" time="0.0" classname="testNG2.ParallelTestExecution">
    <failure type="org.openqa.selenium.WebDriverException" message="Failed to connect to binary FirefoxBinary(C:\Program Files (x86)\Mozilla Firefox\firefox.exe) on port 7055; process output follows: 
Software\\Avast\\WebRep\\FF&amp;quot;,&amp;quot;installDate&amp;quot;:1460946635782,&amp;quot;updateDate&amp;quot;:1460946635782,&amp;quot;applyBackgroundUpdates&amp;quot;:1,&amp;quot;bootstrap&amp;quot;:true,&amp;quot;skinnable&amp;quot;:false,&amp;quot;size&amp;quot;:2174460,&amp;quot;sourceURI&amp;quot;:null,&amp;quot;releaseNotesURI&amp;quot;:null,&amp;quot;softDisabled&amp;quot;:false,&amp;quot;foreignInstall&amp;quot;:true,&amp;quot;hasBinaryComponents&amp;quot;:false,&amp;quot;strictCompatibility&amp;quot;:false,&amp;quot;locales&amp;quot;:[],&amp;quot;targetApplications&amp;quot;:[{&amp;quot;id&amp;quot;:&amp;quot;{ec8030f7-c20a-464f-9b0e-13a3a9e97384}&amp;quot;,&amp;quot;minVersion&amp;quot;:&amp;quot;38.0a1&amp;quot;,&amp;quot;maxVersion&amp;quot;:&amp;quot;43.0&amp;quot;}],&amp;quot;targetPlatforms&amp;quot;:[],&amp;quot;multiprocessCompatible&amp;quot;:false,&amp;quot;signedState&amp;quot;:2,&amp;quot;seen&amp;quot;:true}
1474962338585	addons.xpi	DEBUG	Updating XPIState for {&amp;quot;id&amp;quot;:&amp;quot;sp@avast.com&amp;quot;,&amp;quot;syncGUID&amp;quot;:&amp;quot;SY6P1wiN4JGe&amp;quot;,&amp;quot;location&amp;quot;:&amp;quot;winreg-app-global&amp;quot;,&amp;quot;version&amp;quot;:&amp;quot;10.3.5.39&amp;quot;,&amp;quot;type&amp;quot;:&amp;quot;extension&amp;quot;,&amp;quot;internalName&amp;quot;:null,&amp;quot;updateURL&amp;quot;:null,&amp;quot;updateKey&amp;quot;:null,&amp;quot;optionsURL&amp;quot;:null,&amp;quot;optionsType&amp;quot;:null,&amp;quot;aboutURL&amp;quot;:null,&amp;quot;icons&amp;quot;:{},&amp;quot;iconURL&amp;quot;:&amp;quot;chrome://sp/content/common/skin/img/logo-safeprice-48.png&amp;quot;,&amp;quot;icon64URL&amp;quot;:null,&amp;quot;defaultLocale&amp;quot;:{&amp;quot;name&amp;quot;:&amp;quot;Avast SafePrice&amp;quot;,&amp;quot;description&amp;quot;:&amp;quot;Safe shopping extension&amp;quot;,&amp;quot;creator&amp;quot;:&amp;quot;AVAST Software&amp;quot;,&amp;quot;homepageURL&amp;quot;:&amp;quot;http://www.avast.com/&amp;quot;},&amp;quot;visible&amp;quot;:true,&amp;quot;active&amp;quot;:false,&amp;quot;userDisabled&amp;quot;:true,&amp;quot;appDisabled&amp;quot;:false,&amp;quot;descriptor&amp;quot;:&amp;quot;C:\\Program Files\\AVAST Software\\Avast\\SafePrice\\FF&amp;quot;,&amp;quot;installDate&amp;quot;:1460946635360,&amp;quot;updateDate&amp;quot;:1460946635360,&amp;quot;applyBackgroundUpdates&amp;quot;:1,&amp;quot;bootstrap&amp;quot;:true,&amp;quot;skinnable&amp;quot;:false,&amp;quot;size&amp;quot;:1877359,&amp;quot;sourceURI&amp;quot;:null,&amp;quot;releaseNotesURI&amp;quot;:null,&amp;quot;softDisabled&amp;quot;:false,&amp;quot;foreignInstall&amp;quot;:true,&amp;quot;hasBinaryComponents&amp;quot;:false,&amp;quot;strictCompatibility&amp;quot;:false,&amp;quot;locales&amp;quot;:[],&amp;quot;targetApplications&amp;quot;:[{&amp;quot;id&amp;quot;:&amp;quot;{ec8030f7-c20a-464f-9b0e-13a3a9e97384}&amp;quot;,&amp;quot;minVersion&amp;quot;:&amp;quot;38.0a1&amp;quot;,&amp;quot;maxVersion&amp;quot;:&amp;quot;43.0&amp;quot;}],&amp;quot;targetPlatforms&amp;quot;:[],&amp;quot;multiprocessCompatible&amp;quot;:false,&amp;quot;signedState&amp;quot;:2,&amp;quot;seen&amp;quot;:true}
1474962338586	DeferredSave.extensions.json	DEBUG	Save changes
1474962338587	addons.xpi	DEBUG	Updating database with changes to installed add-ons
1474962338587	addons.xpi-utils	DEBUG	Updating add-on states
1474962338589	addons.xpi-utils	DEBUG	Writing add-ons list
1474962338595	addons.xpi	DEBUG	Registering manifest for C:\Program Files (x86)\Mozilla Firefox\browser\features\loop@mozilla.org.xpi
1474962338597	addons.xpi	DEBUG	Calling bootstrap method startup on loop@mozilla.org version 0.1
1474962338623	addons.manager	DEBUG	Starting provider: &amp;lt;unnamed-provider&amp;gt;
1474962338623	addons.manager	DEBUG	Registering shutdown blocker for &amp;lt;unnamed-provider&amp;gt;
1474962338624	addons.manager	DEBUG	Provider finished startup: &amp;lt;unnamed-provider&amp;gt;
1474962338661	addons.manager	DEBUG	Registering shutdown blocker for XPIProvider
1474962338663	addons.manager	DEBUG	Provider finished startup: XPIProvider
1474962338663	addons.manager	DEBUG	Starting provider: LightweightThemeManager
1474962338663	addons.manager	DEBUG	Registering shutdown blocker for LightweightThemeManager
1474962338664	addons.manager	DEBUG	Provider finished startup: LightweightThemeManager
1474962338665	addons.manager	DEBUG	Starting provider: GMPProvider
1474962338689	addons.manager	DEBUG	Registering shutdown blocker for GMPProvider
1474962338689	addons.manager	DEBUG	Provider finished startup: GMPProvider
1474962338690	addons.manager	DEBUG	Starting provider: PluginProvider
1474962338690	addons.manager	DEBUG	Registering shutdown blocker for PluginProvider
1474962338690	addons.manager	DEBUG	Provider finished startup: PluginProvider
1474962338690	addons.manager	DEBUG	Completed startup sequence
1474962340404	DeferredSave.extensions.json	DEBUG	Starting timer
1474962340509	DeferredSave.extensions.json	DEBUG	Starting write
1474962341396	addons.repository	DEBUG	No addons.json found.
1474962341397	DeferredSave.addons.json	DEBUG	Save changes
1474962341468	DeferredSave.addons.json	DEBUG	Starting timer
1474962346856	addons.manager	DEBUG	Starting provider: PreviousExperimentProvider
1474962346856	addons.manager	DEBUG	Registering shutdown blocker for PreviousExperimentProvider
1474962346857	addons.manager	DEBUG	Provider finished startup: PreviousExperimentProvider
1474962349867	DeferredSave.addons.json	DEBUG	Starting write
1474962349871	DeferredSave.extensions.json	DEBUG	Write succeeded
1474962353144	DeferredSave.addons.json	DEBUG	Write succeeded

Build info: version: &amp;apos;2.53.0&amp;apos;, revision: &amp;apos;35ae25b&amp;apos;, time: &amp;apos;2016-03-15 17:00:58&amp;apos;
System info: host: &amp;apos;lenovo&amp;apos;, ip: &amp;apos;192.168.1.103&amp;apos;, os.name: &amp;apos;Windows 8.1&amp;apos;, os.arch: &amp;apos;amd64&amp;apos;, os.version: &amp;apos;6.3&amp;apos;, java.version: &amp;apos;1.8.0_45&amp;apos;
Driver info: driver.version: FirefoxDriver">
      <![CDATA[org.openqa.selenium.WebDriverException: Failed to connect to binary FirefoxBinary(C:\Program Files (x86)\Mozilla Firefox\firefox.exe) on port 7055; process output follows: 
Software\\Avast\\WebRep\\FF","installDate":1460946635782,"updateDate":1460946635782,"applyBackgroundUpdates":1,"bootstrap":true,"skinnable":false,"size":2174460,"sourceURI":null,"releaseNotesURI":null,"softDisabled":false,"foreignInstall":true,"hasBinaryComponents":false,"strictCompatibility":false,"locales":[],"targetApplications":[{"id":"{ec8030f7-c20a-464f-9b0e-13a3a9e97384}","minVersion":"38.0a1","maxVersion":"43.0"}],"targetPlatforms":[],"multiprocessCompatible":false,"signedState":2,"seen":true}
1474962338585	addons.xpi	DEBUG	Updating XPIState for {"id":"sp@avast.com","syncGUID":"SY6P1wiN4JGe","location":"winreg-app-global","version":"10.3.5.39","type":"extension","internalName":null,"updateURL":null,"updateKey":null,"optionsURL":null,"optionsType":null,"aboutURL":null,"icons":{},"iconURL":"chrome://sp/content/common/skin/img/logo-safeprice-48.png","icon64URL":null,"defaultLocale":{"name":"Avast SafePrice","description":"Safe shopping extension","creator":"AVAST Software","homepageURL":"http://www.avast.com/"},"visible":true,"active":false,"userDisabled":true,"appDisabled":false,"descriptor":"C:\\Program Files\\AVAST Software\\Avast\\SafePrice\\FF","installDate":1460946635360,"updateDate":1460946635360,"applyBackgroundUpdates":1,"bootstrap":true,"skinnable":false,"size":1877359,"sourceURI":null,"releaseNotesURI":null,"softDisabled":false,"foreignInstall":true,"hasBinaryComponents":false,"strictCompatibility":false,"locales":[],"targetApplications":[{"id":"{ec8030f7-c20a-464f-9b0e-13a3a9e97384}","minVersion":"38.0a1","maxVersion":"43.0"}],"targetPlatforms":[],"multiprocessCompatible":false,"signedState":2,"seen":true}
1474962338586	DeferredSave.extensions.json	DEBUG	Save changes
1474962338587	addons.xpi	DEBUG	Updating database with changes to installed add-ons
1474962338587	addons.xpi-utils	DEBUG	Updating add-on states
1474962338589	addons.xpi-utils	DEBUG	Writing add-ons list
1474962338595	addons.xpi	DEBUG	Registering manifest for C:\Program Files (x86)\Mozilla Firefox\browser\features\loop@mozilla.org.xpi
1474962338597	addons.xpi	DEBUG	Calling bootstrap method startup on loop@mozilla.org version 0.1
1474962338623	addons.manager	DEBUG	Starting provider: <unnamed-provider>
1474962338623	addons.manager	DEBUG	Registering shutdown blocker for <unnamed-provider>
1474962338624	addons.manager	DEBUG	Provider finished startup: <unnamed-provider>
1474962338661	addons.manager	DEBUG	Registering shutdown blocker for XPIProvider
1474962338663	addons.manager	DEBUG	Provider finished startup: XPIProvider
1474962338663	addons.manager	DEBUG	Starting provider: LightweightThemeManager
1474962338663	addons.manager	DEBUG	Registering shutdown blocker for LightweightThemeManager
1474962338664	addons.manager	DEBUG	Provider finished startup: LightweightThemeManager
1474962338665	addons.manager	DEBUG	Starting provider: GMPProvider
1474962338689	addons.manager	DEBUG	Registering shutdown blocker for GMPProvider
1474962338689	addons.manager	DEBUG	Provider finished startup: GMPProvider
1474962338690	addons.manager	DEBUG	Starting provider: PluginProvider
1474962338690	addons.manager	DEBUG	Registering shutdown blocker for PluginProvider
1474962338690	addons.manager	DEBUG	Provider finished startup: PluginProvider
1474962338690	addons.manager	DEBUG	Completed startup sequence
1474962340404	DeferredSave.extensions.json	DEBUG	Starting timer
1474962340509	DeferredSave.extensions.json	DEBUG	Starting write
1474962341396	addons.repository	DEBUG	No addons.json found.
1474962341397	DeferredSave.addons.json	DEBUG	Save changes
1474962341468	DeferredSave.addons.json	DEBUG	Starting timer
1474962346856	addons.manager	DEBUG	Starting provider: PreviousExperimentProvider
1474962346856	addons.manager	DEBUG	Registering shutdown blocker for PreviousExperimentProvider
1474962346857	addons.manager	DEBUG	Provider finished startup: PreviousExperimentProvider
1474962349867	DeferredSave.addons.json	DEBUG	Starting write
1474962349871	DeferredSave.extensions.json	DEBUG	Write succeeded
1474962353144	DeferredSave.addons.json	DEBUG	Write succeeded

Build info: version: '2.53.0', revision: '35ae25b', time: '2016-03-15 17:00:58'
System info: host: 'lenovo', ip: '192.168.1.103', os.name: 'Windows 8.1', os.arch: 'amd64', os.version: '6.3', java.version: '1.8.0_45'
Driver info: driver.version: FirefoxDriver
	at org.openqa.selenium.firefox.internal.NewProfileExtensionConnection.start(NewProfileExtensionConnection.java:124)
	at org.openqa.selenium.firefox.FirefoxDriver.startClient(FirefoxDriver.java:271)
	at org.openqa.selenium.remote.RemoteWebDriver.<init>(RemoteWebDriver.java:119)
	at org.openqa.selenium.firefox.FirefoxDriver.<init>(FirefoxDriver.java:218)
	at org.openqa.selenium.firefox.FirefoxDriver.<init>(FirefoxDriver.java:211)
	at org.openqa.selenium.firefox.FirefoxDriver.<init>(FirefoxDriver.java:207)
	at org.openqa.selenium.firefox.FirefoxDriver.<init>(FirefoxDriver.java:120)
	at testNG2.ParallelTestExecution.launchBrowser(ParallelTestExecution.java:20)
	at java.util.concurrent.FutureTask.run(FutureTask.java:266)
	at java.util.concurrent.ThreadPoolExecutor.runWorker(ThreadPoolExecutor.java:1142)
	at java.util.concurrent.ThreadPoolExecutor$Worker.run(ThreadPoolExecutor.java:617)
	at java.lang.Thread.run(Thread.java:745)
Caused by: org.openqa.selenium.firefox.NotConnectedException: Unable to connect to host 127.0.0.1 on port 7055 after 45000 ms. Firefox console output:
Software\\Avast\\WebRep\\FF","installDate":1460946635782,"updateDate":1460946635782,"applyBackgroundUpdates":1,"bootstrap":true,"skinnable":false,"size":2174460,"sourceURI":null,"releaseNotesURI":null,"softDisabled":false,"foreignInstall":true,"hasBinaryComponents":false,"strictCompatibility":false,"locales":[],"targetApplications":[{"id":"{ec8030f7-c20a-464f-9b0e-13a3a9e97384}","minVersion":"38.0a1","maxVersion":"43.0"}],"targetPlatforms":[],"multiprocessCompatible":false,"signedState":2,"seen":true}
1474962338585	addons.xpi	DEBUG	Updating XPIState for {"id":"sp@avast.com","syncGUID":"SY6P1wiN4JGe","location":"winreg-app-global","version":"10.3.5.39","type":"extension","internalName":null,"updateURL":null,"updateKey":null,"optionsURL":null,"optionsType":null,"aboutURL":null,"icons":{},"iconURL":"chrome://sp/content/common/skin/img/logo-safeprice-48.png","icon64URL":null,"defaultLocale":{"name":"Avast SafePrice","description":"Safe shopping extension","creator":"AVAST Software","homepageURL":"http://www.avast.com/"},"visible":true,"active":false,"userDisabled":true,"appDisabled":false,"descriptor":"C:\\Program Files\\AVAST Software\\Avast\\SafePrice\\FF","installDate":1460946635360,"updateDate":1460946635360,"applyBackgroundUpdates":1,"bootstrap":true,"skinnable":false,"size":1877359,"sourceURI":null,"releaseNotesURI":null,"softDisabled":false,"foreignInstall":true,"hasBinaryComponents":false,"strictCompatibility":false,"locales":[],"targetApplications":[{"id":"{ec8030f7-c20a-464f-9b0e-13a3a9e97384}","minVersion":"38.0a1","maxVersion":"43.0"}],"targetPlatforms":[],"multiprocessCompatible":false,"signedState":2,"seen":true}
1474962338586	DeferredSave.extensions.json	DEBUG	Save changes
1474962338587	addons.xpi	DEBUG	Updating database with changes to installed add-ons
1474962338587	addons.xpi-utils	DEBUG	Updating add-on states
1474962338589	addons.xpi-utils	DEBUG	Writing add-ons list
1474962338595	addons.xpi	DEBUG	Registering manifest for C:\Program Files (x86)\Mozilla Firefox\browser\features\loop@mozilla.org.xpi
1474962338597	addons.xpi	DEBUG	Calling bootstrap method startup on loop@mozilla.org version 0.1
1474962338623	addons.manager	DEBUG	Starting provider: <unnamed-provider>
1474962338623	addons.manager	DEBUG	Registering shutdown blocker for <unnamed-provider>
1474962338624	addons.manager	DEBUG	Provider finished startup: <unnamed-provider>
1474962338661	addons.manager	DEBUG	Registering shutdown blocker for XPIProvider
1474962338663	addons.manager	DEBUG	Provider finished startup: XPIProvider
1474962338663	addons.manager	DEBUG	Starting provider: LightweightThemeManager
1474962338663	addons.manager	DEBUG	Registering shutdown blocker for LightweightThemeManager
1474962338664	addons.manager	DEBUG	Provider finished startup: LightweightThemeManager
1474962338665	addons.manager	DEBUG	Starting provider: GMPProvider
1474962338689	addons.manager	DEBUG	Registering shutdown blocker for GMPProvider
1474962338689	addons.manager	DEBUG	Provider finished startup: GMPProvider
1474962338690	addons.manager	DEBUG	Starting provider: PluginProvider
1474962338690	addons.manager	DEBUG	Registering shutdown blocker for PluginProvider
1474962338690	addons.manager	DEBUG	Provider finished startup: PluginProvider
1474962338690	addons.manager	DEBUG	Completed startup sequence
1474962340404	DeferredSave.extensions.json	DEBUG	Starting timer
1474962340509	DeferredSave.extensions.json	DEBUG	Starting write
1474962341396	addons.repository	DEBUG	No addons.json found.
1474962341397	DeferredSave.addons.json	DEBUG	Save changes
1474962341468	DeferredSave.addons.json	DEBUG	Starting timer
1474962346856	addons.manager	DEBUG	Starting provider: PreviousExperimentProvider
1474962346856	addons.manager	DEBUG	Registering shutdown blocker for PreviousExperimentProvider
1474962346857	addons.manager	DEBUG	Provider finished startup: PreviousExperimentProvider
1474962349867	DeferredSave.addons.json	DEBUG	Starting write
1474962349871	DeferredSave.extensions.json	DEBUG	Write succeeded
1474962353144	DeferredSave.addons.json	DEBUG	Write succeeded

	at org.openqa.selenium.firefox.internal.NewProfileExtensionConnection.start(NewProfileExtensionConnection.java:112)
	... 27 more
... Removed 16 stack frames]]>
    </failure>
  </testcase> <!-- @BeforeClass launchBrowser -->
  <testcase name="tc_1" time="0.002" classname="testNG2.ParallelTestExecution">
    <skipped/>
  </testcase> <!-- tc_1 -->
  <testcase name="tc_4" time="0.001" classname="testNG2.ParallelTestExecution1"/>
  <testcase name="tc_5" time="0.002" classname="testNG2.ParallelTestExecution1"/>
  <testcase name="tc_6" time="0.001" classname="testNG2.ParallelTestExecution1"/>
</testsuite> <!-- FireFoxTest -->
