<?xml version="1.0" encoding="UTF-8"?>
<!-- Generated by org.testng.reporters.JUnitXMLReporter -->
<testsuite hostname="purushottam" name="Default test" tests="1" failures="0" timestamp="7 Nov 2019 17:58:45 GMT" time="85.577" errors="0">
  <testcase name="@BeforeMethod beforeMethod" time="0.0" classname="amazonlogin.AmazonAdd_to_Cart">
    <failure type="org.openqa.selenium.WebDriverException" message="Failed to connect to binary FirefoxBinary(C:\Program Files (x86)\Mozilla Firefox\firefox.exe) on port 7055; process output follows: 
,&amp;quot;contributors&amp;quot;:[&amp;quot;Mozilla Contributors&amp;quot;]},&amp;quot;visible&amp;quot;:true,&amp;quot;active&amp;quot;:true,&amp;quot;userDisabled&amp;quot;:false,&amp;quot;appDisabled&amp;quot;:false,&amp;quot;descriptor&amp;quot;:&amp;quot;C:\\Program Files (x86)\\Mozilla Firefox\\browser\\extensions\\{972ce4c6-7e08-4474-a285-3208198ce6fd}.xpi&amp;quot;,&amp;quot;installDate&amp;quot;:1564825170744,&amp;quot;updateDate&amp;quot;:1564825170744,&amp;quot;applyBackgroundUpdates&amp;quot;:1,&amp;quot;skinnable&amp;quot;:true,&amp;quot;size&amp;quot;:22012,&amp;quot;sourceURI&amp;quot;:null,&amp;quot;releaseNotesURI&amp;quot;:null,&amp;quot;softDisabled&amp;quot;:false,&amp;quot;foreignInstall&amp;quot;:false,&amp;quot;hasBinaryComponents&amp;quot;:false,&amp;quot;strictCompatibility&amp;quot;:true,&amp;quot;locales&amp;quot;:[],&amp;quot;targetApplications&amp;quot;:[{&amp;quot;id&amp;quot;:&amp;quot;{ec8030f7-c20a-464f-9b0e-13a3a9e97384}&amp;quot;,&amp;quot;minVersion&amp;quot;:&amp;quot;47.0.2&amp;quot;,&amp;quot;maxVersion&amp;quot;:&amp;quot;47.0.2&amp;quot;}],&amp;quot;targetPlatforms&amp;quot;:[],&amp;quot;seen&amp;quot;:true}
1573149489610	addons.xpi	DEBUG	getModTime: Recursive scan of {972ce4c6-7e08-4474-a285-3208198ce6fd}
1573149489612	DeferredSave.extensions.json	DEBUG	Save changes
1573149489612	addons.xpi	DEBUG	Updating database with changes to installed add-ons
1573149489612	addons.xpi-utils	DEBUG	Updating add-on states
1573149489615	addons.xpi-utils	DEBUG	Writing add-ons list
1573149489623	addons.xpi	DEBUG	Registering manifest for C:\Program Files (x86)\Mozilla Firefox\browser\features\e10srollout@mozilla.org.xpi
1573149489624	addons.xpi	DEBUG	Calling bootstrap method startup on e10srollout@mozilla.org version 1.0
1573149489624	addons.xpi	DEBUG	Registering manifest for C:\Program Files (x86)\Mozilla Firefox\browser\features\firefox@getpocket.com.xpi
1573149489625	addons.xpi	DEBUG	Calling bootstrap method startup on firefox@getpocket.com version 1.0.2
1573149489627	addons.xpi	DEBUG	Registering manifest for C:\Program Files (x86)\Mozilla Firefox\browser\features\loop@mozilla.org.xpi
1573149489629	addons.xpi	DEBUG	Calling bootstrap method startup on loop@mozilla.org version 1.3.2
1573149489806	addons.xpi	DEBUG	Registering manifest for C:\Program Files (x86)\Mozilla Firefox\browser\features\websensehelper@mozilla.org.xpi
1573149489808	addons.xpi	DEBUG	Calling bootstrap method startup on websensehelper@mozilla.org version 1.0
1573149489818	addons.manager	DEBUG	Registering shutdown blocker for XPIProvider
1573149489819	addons.manager	DEBUG	Provider finished startup: XPIProvider
1573149489820	addons.manager	DEBUG	Starting provider: LightweightThemeManager
1573149489820	addons.manager	DEBUG	Registering shutdown blocker for LightweightThemeManager
1573149489820	addons.manager	DEBUG	Provider finished startup: LightweightThemeManager
1573149489822	addons.manager	DEBUG	Starting provider: GMPProvider
1573149489846	addons.manager	DEBUG	Registering shutdown blocker for GMPProvider
1573149489847	addons.manager	DEBUG	Provider finished startup: GMPProvider
1573149489847	addons.manager	DEBUG	Starting provider: PluginProvider
1573149489848	addons.manager	DEBUG	Registering shutdown blocker for PluginProvider
1573149489853	addons.manager	DEBUG	Provider finished startup: PluginProvider
1573149489854	addons.manager	DEBUG	Completed startup sequence
1573149495370	addons.manager	DEBUG	Starting provider: &amp;lt;unnamed-provider&amp;gt;
1573149495370	addons.manager	DEBUG	Registering shutdown blocker for &amp;lt;unnamed-provider&amp;gt;
1573149495371	addons.manager	DEBUG	Provider finished startup: &amp;lt;unnamed-provider&amp;gt;
1573149500161	DeferredSave.extensions.json	DEBUG	Write succeeded
1573149500162	addons.xpi-utils	DEBUG	XPI Database saved, setting schema version preference to 17
1573149500162	DeferredSave.extensions.json	DEBUG	Starting timer
1573149500186	DeferredSave.extensions.json	DEBUG	Starting write
1573149500192	addons.repository	DEBUG	No addons.json found.
1573149500192	DeferredSave.addons.json	DEBUG	Save changes
1573149500218	DeferredSave.addons.json	DEBUG	Starting timer
1573149500813	addons.manager	DEBUG	Starting provider: PreviousExperimentProvider
1573149500814	addons.manager	DEBUG	Registering shutdown blocker for PreviousExperimentProvider
1573149500815	addons.manager	DEBUG	Provider finished startup: PreviousExperimentProvider
1573149500821	DeferredSave.addons.json	DEBUG	Starting write
1573149500886	DeferredSave.extensions.json	DEBUG	Write succeeded
1573149501660	DeferredSave.addons.json	DEBUG	Write succeeded

Build info: version: &amp;apos;2.53.0&amp;apos;, revision: &amp;apos;35ae25b&amp;apos;, time: &amp;apos;2016-03-15 17:00:58&amp;apos;
System info: host: &amp;apos;purushottam&amp;apos;, ip: &amp;apos;192.168.230.2&amp;apos;, os.name: &amp;apos;Windows 8.1&amp;apos;, os.arch: &amp;apos;amd64&amp;apos;, os.version: &amp;apos;6.3&amp;apos;, java.version: &amp;apos;1.8.0_131&amp;apos;
Driver info: driver.version: FirefoxDriver">
      <![CDATA[org.openqa.selenium.WebDriverException: Failed to connect to binary FirefoxBinary(C:\Program Files (x86)\Mozilla Firefox\firefox.exe) on port 7055; process output follows: 
,"contributors":["Mozilla Contributors"]},"visible":true,"active":true,"userDisabled":false,"appDisabled":false,"descriptor":"C:\\Program Files (x86)\\Mozilla Firefox\\browser\\extensions\\{972ce4c6-7e08-4474-a285-3208198ce6fd}.xpi","installDate":1564825170744,"updateDate":1564825170744,"applyBackgroundUpdates":1,"skinnable":true,"size":22012,"sourceURI":null,"releaseNotesURI":null,"softDisabled":false,"foreignInstall":false,"hasBinaryComponents":false,"strictCompatibility":true,"locales":[],"targetApplications":[{"id":"{ec8030f7-c20a-464f-9b0e-13a3a9e97384}","minVersion":"47.0.2","maxVersion":"47.0.2"}],"targetPlatforms":[],"seen":true}
1573149489610	addons.xpi	DEBUG	getModTime: Recursive scan of {972ce4c6-7e08-4474-a285-3208198ce6fd}
1573149489612	DeferredSave.extensions.json	DEBUG	Save changes
1573149489612	addons.xpi	DEBUG	Updating database with changes to installed add-ons
1573149489612	addons.xpi-utils	DEBUG	Updating add-on states
1573149489615	addons.xpi-utils	DEBUG	Writing add-ons list
1573149489623	addons.xpi	DEBUG	Registering manifest for C:\Program Files (x86)\Mozilla Firefox\browser\features\e10srollout@mozilla.org.xpi
1573149489624	addons.xpi	DEBUG	Calling bootstrap method startup on e10srollout@mozilla.org version 1.0
1573149489624	addons.xpi	DEBUG	Registering manifest for C:\Program Files (x86)\Mozilla Firefox\browser\features\firefox@getpocket.com.xpi
1573149489625	addons.xpi	DEBUG	Calling bootstrap method startup on firefox@getpocket.com version 1.0.2
1573149489627	addons.xpi	DEBUG	Registering manifest for C:\Program Files (x86)\Mozilla Firefox\browser\features\loop@mozilla.org.xpi
1573149489629	addons.xpi	DEBUG	Calling bootstrap method startup on loop@mozilla.org version 1.3.2
1573149489806	addons.xpi	DEBUG	Registering manifest for C:\Program Files (x86)\Mozilla Firefox\browser\features\websensehelper@mozilla.org.xpi
1573149489808	addons.xpi	DEBUG	Calling bootstrap method startup on websensehelper@mozilla.org version 1.0
1573149489818	addons.manager	DEBUG	Registering shutdown blocker for XPIProvider
1573149489819	addons.manager	DEBUG	Provider finished startup: XPIProvider
1573149489820	addons.manager	DEBUG	Starting provider: LightweightThemeManager
1573149489820	addons.manager	DEBUG	Registering shutdown blocker for LightweightThemeManager
1573149489820	addons.manager	DEBUG	Provider finished startup: LightweightThemeManager
1573149489822	addons.manager	DEBUG	Starting provider: GMPProvider
1573149489846	addons.manager	DEBUG	Registering shutdown blocker for GMPProvider
1573149489847	addons.manager	DEBUG	Provider finished startup: GMPProvider
1573149489847	addons.manager	DEBUG	Starting provider: PluginProvider
1573149489848	addons.manager	DEBUG	Registering shutdown blocker for PluginProvider
1573149489853	addons.manager	DEBUG	Provider finished startup: PluginProvider
1573149489854	addons.manager	DEBUG	Completed startup sequence
1573149495370	addons.manager	DEBUG	Starting provider: <unnamed-provider>
1573149495370	addons.manager	DEBUG	Registering shutdown blocker for <unnamed-provider>
1573149495371	addons.manager	DEBUG	Provider finished startup: <unnamed-provider>
1573149500161	DeferredSave.extensions.json	DEBUG	Write succeeded
1573149500162	addons.xpi-utils	DEBUG	XPI Database saved, setting schema version preference to 17
1573149500162	DeferredSave.extensions.json	DEBUG	Starting timer
1573149500186	DeferredSave.extensions.json	DEBUG	Starting write
1573149500192	addons.repository	DEBUG	No addons.json found.
1573149500192	DeferredSave.addons.json	DEBUG	Save changes
1573149500218	DeferredSave.addons.json	DEBUG	Starting timer
1573149500813	addons.manager	DEBUG	Starting provider: PreviousExperimentProvider
1573149500814	addons.manager	DEBUG	Registering shutdown blocker for PreviousExperimentProvider
1573149500815	addons.manager	DEBUG	Provider finished startup: PreviousExperimentProvider
1573149500821	DeferredSave.addons.json	DEBUG	Starting write
1573149500886	DeferredSave.extensions.json	DEBUG	Write succeeded
1573149501660	DeferredSave.addons.json	DEBUG	Write succeeded

Build info: version: '2.53.0', revision: '35ae25b', time: '2016-03-15 17:00:58'
System info: host: 'purushottam', ip: '192.168.230.2', os.name: 'Windows 8.1', os.arch: 'amd64', os.version: '6.3', java.version: '1.8.0_131'
Driver info: driver.version: FirefoxDriver
	at org.openqa.selenium.firefox.internal.NewProfileExtensionConnection.start(NewProfileExtensionConnection.java:124)
	at org.openqa.selenium.firefox.FirefoxDriver.startClient(FirefoxDriver.java:271)
	at org.openqa.selenium.remote.RemoteWebDriver.<init>(RemoteWebDriver.java:119)
	at org.openqa.selenium.firefox.FirefoxDriver.<init>(FirefoxDriver.java:218)
	at org.openqa.selenium.firefox.FirefoxDriver.<init>(FirefoxDriver.java:211)
	at org.openqa.selenium.firefox.FirefoxDriver.<init>(FirefoxDriver.java:207)
	at org.openqa.selenium.firefox.FirefoxDriver.<init>(FirefoxDriver.java:120)
	at amazonlogin.AmazonAdd_to_Cart.beforeMethod(AmazonAdd_to_Cart.java:39)
	at sun.reflect.NativeMethodAccessorImpl.invoke0(Native Method)
	at sun.reflect.NativeMethodAccessorImpl.invoke(Unknown Source)
	at sun.reflect.DelegatingMethodAccessorImpl.invoke(Unknown Source)
	at java.lang.reflect.Method.invoke(Unknown Source)
	at org.testng.internal.MethodInvocationHelper.invokeMethod(MethodInvocationHelper.java:85)
	at org.testng.internal.Invoker.invokeConfigurationMethod(Invoker.java:510)
	at org.testng.internal.Invoker.invokeConfigurations(Invoker.java:211)
	at org.testng.internal.Invoker.invokeMethod(Invoker.java:585)
	at org.testng.internal.Invoker.invokeTestMethod(Invoker.java:816)
	at org.testng.internal.Invoker.invokeTestMethods(Invoker.java:1124)
	at org.testng.internal.TestMethodWorker.invokeTestMethods(TestMethodWorker.java:125)
	at org.testng.internal.TestMethodWorker.run(TestMethodWorker.java:108)
	at org.testng.TestRunner.privateRun(TestRunner.java:774)
	at org.testng.TestRunner.run(TestRunner.java:624)
	at org.testng.SuiteRunner.runTest(SuiteRunner.java:359)
	at org.testng.SuiteRunner.runSequentially(SuiteRunner.java:354)
	at org.testng.SuiteRunner.privateRun(SuiteRunner.java:312)
	at org.testng.SuiteRunner.run(SuiteRunner.java:261)
	at org.testng.SuiteRunnerWorker.runSuite(SuiteRunnerWorker.java:52)
	at org.testng.SuiteRunnerWorker.run(SuiteRunnerWorker.java:86)
	at org.testng.TestNG.runSuitesSequentially(TestNG.java:1215)
	at org.testng.TestNG.runSuitesLocally(TestNG.java:1140)
	at org.testng.TestNG.run(TestNG.java:1048)
	at org.testng.remote.AbstractRemoteTestNG.run(AbstractRemoteTestNG.java:114)
	at org.testng.remote.RemoteTestNG.initAndRun(RemoteTestNG.java:251)
	at org.testng.remote.RemoteTestNG.main(RemoteTestNG.java:77)
Caused by: org.openqa.selenium.firefox.NotConnectedException: Unable to connect to host 127.0.0.1 on port 7055 after 45000 ms. Firefox console output:
,"contributors":["Mozilla Contributors"]},"visible":true,"active":true,"userDisabled":false,"appDisabled":false,"descriptor":"C:\\Program Files (x86)\\Mozilla Firefox\\browser\\extensions\\{972ce4c6-7e08-4474-a285-3208198ce6fd}.xpi","installDate":1564825170744,"updateDate":1564825170744,"applyBackgroundUpdates":1,"skinnable":true,"size":22012,"sourceURI":null,"releaseNotesURI":null,"softDisabled":false,"foreignInstall":false,"hasBinaryComponents":false,"strictCompatibility":true,"locales":[],"targetApplications":[{"id":"{ec8030f7-c20a-464f-9b0e-13a3a9e97384}","minVersion":"47.0.2","maxVersion":"47.0.2"}],"targetPlatforms":[],"seen":true}
1573149489610	addons.xpi	DEBUG	getModTime: Recursive scan of {972ce4c6-7e08-4474-a285-3208198ce6fd}
1573149489612	DeferredSave.extensions.json	DEBUG	Save changes
1573149489612	addons.xpi	DEBUG	Updating database with changes to installed add-ons
1573149489612	addons.xpi-utils	DEBUG	Updating add-on states
1573149489615	addons.xpi-utils	DEBUG	Writing add-ons list
1573149489623	addons.xpi	DEBUG	Registering manifest for C:\Program Files (x86)\Mozilla Firefox\browser\features\e10srollout@mozilla.org.xpi
1573149489624	addons.xpi	DEBUG	Calling bootstrap method startup on e10srollout@mozilla.org version 1.0
1573149489624	addons.xpi	DEBUG	Registering manifest for C:\Program Files (x86)\Mozilla Firefox\browser\features\firefox@getpocket.com.xpi
1573149489625	addons.xpi	DEBUG	Calling bootstrap method startup on firefox@getpocket.com version 1.0.2
1573149489627	addons.xpi	DEBUG	Registering manifest for C:\Program Files (x86)\Mozilla Firefox\browser\features\loop@mozilla.org.xpi
1573149489629	addons.xpi	DEBUG	Calling bootstrap method startup on loop@mozilla.org version 1.3.2
1573149489806	addons.xpi	DEBUG	Registering manifest for C:\Program Files (x86)\Mozilla Firefox\browser\features\websensehelper@mozilla.org.xpi
1573149489808	addons.xpi	DEBUG	Calling bootstrap method startup on websensehelper@mozilla.org version 1.0
1573149489818	addons.manager	DEBUG	Registering shutdown blocker for XPIProvider
1573149489819	addons.manager	DEBUG	Provider finished startup: XPIProvider
1573149489820	addons.manager	DEBUG	Starting provider: LightweightThemeManager
1573149489820	addons.manager	DEBUG	Registering shutdown blocker for LightweightThemeManager
1573149489820	addons.manager	DEBUG	Provider finished startup: LightweightThemeManager
1573149489822	addons.manager	DEBUG	Starting provider: GMPProvider
1573149489846	addons.manager	DEBUG	Registering shutdown blocker for GMPProvider
1573149489847	addons.manager	DEBUG	Provider finished startup: GMPProvider
1573149489847	addons.manager	DEBUG	Starting provider: PluginProvider
1573149489848	addons.manager	DEBUG	Registering shutdown blocker for PluginProvider
1573149489853	addons.manager	DEBUG	Provider finished startup: PluginProvider
1573149489854	addons.manager	DEBUG	Completed startup sequence
1573149495370	addons.manager	DEBUG	Starting provider: <unnamed-provider>
1573149495370	addons.manager	DEBUG	Registering shutdown blocker for <unnamed-provider>
1573149495371	addons.manager	DEBUG	Provider finished startup: <unnamed-provider>
1573149500161	DeferredSave.extensions.json	DEBUG	Write succeeded
1573149500162	addons.xpi-utils	DEBUG	XPI Database saved, setting schema version preference to 17
1573149500162	DeferredSave.extensions.json	DEBUG	Starting timer
1573149500186	DeferredSave.extensions.json	DEBUG	Starting write
1573149500192	addons.repository	DEBUG	No addons.json found.
1573149500192	DeferredSave.addons.json	DEBUG	Save changes
1573149500218	DeferredSave.addons.json	DEBUG	Starting timer
1573149500813	addons.manager	DEBUG	Starting provider: PreviousExperimentProvider
1573149500814	addons.manager	DEBUG	Registering shutdown blocker for PreviousExperimentProvider
1573149500815	addons.manager	DEBUG	Provider finished startup: PreviousExperimentProvider
1573149500821	DeferredSave.addons.json	DEBUG	Starting write
1573149500886	DeferredSave.extensions.json	DEBUG	Write succeeded
1573149501660	DeferredSave.addons.json	DEBUG	Write succeeded

	at org.openqa.selenium.firefox.internal.NewProfileExtensionConnection.start(NewProfileExtensionConnection.java:112)
	... 33 more
]]>
    </failure>
  </testcase> <!-- @BeforeMethod beforeMethod -->
  <testcase name="verifyLogin" time="0.003" classname="amazonlogin.AmazonAdd_to_Cart">
    <skipped/>
  </testcase> <!-- verifyLogin -->
</testsuite> <!-- Default test -->
