<?xml version="1.0" encoding="UTF-8"?>
<testng-results skipped="0" failed="0" ignored="0" total="1" passed="1">
  <reporter-output>
  </reporter-output>
  <suite name="Suite" duration-ms="55" started-at="2017-09-11T03:18:26Z" finished-at="2017-09-11T03:18:26Z">
    <groups>
    </groups>
    <test name="Test" duration-ms="55" started-at="2017-09-11T03:18:26Z" finished-at="2017-09-11T03:18:26Z">
      <class name="testNGFramework.Check">
        <test-method status="PASS" signature="beforeClass()[pri:0, instance:testNGFramework.Check@27efef64]" name="beforeClass" is-config="true" duration-ms="10" started-at="2017-09-11T08:48:26Z" finished-at="2017-09-11T08:48:26Z">
          <reporter-output>
          </reporter-output>
        </test-method> <!-- beforeClass -->
        <test-method status="PASS" signature="beforeMethod()[pri:0, instance:testNGFramework.Check@27efef64]" name="beforeMethod" is-config="true" duration-ms="0" started-at="2017-09-11T08:48:26Z" finished-at="2017-09-11T08:48:26Z">
          <reporter-output>
          </reporter-output>
        </test-method> <!-- beforeMethod -->
        <test-method status="PASS" signature="checkTest()[pri:0, instance:testNGFramework.Check@27efef64]" name="checkTest" duration-ms="9" started-at="2017-09-11T08:48:26Z" finished-at="2017-09-11T08:48:26Z">
          <reporter-output>
          </reporter-output>
        </test-method> <!-- checkTest -->
        <test-method status="PASS" signature="afterMethod()[pri:0, instance:testNGFramework.Check@27efef64]" name="afterMethod" is-config="true" duration-ms="1" started-at="2017-09-11T08:48:26Z" finished-at="2017-09-11T08:48:26Z">
          <reporter-output>
          </reporter-output>
        </test-method> <!-- afterMethod -->
        <test-method status="PASS" signature="afterClass()[pri:0, instance:testNGFramework.Check@27efef64]" name="afterClass" is-config="true" duration-ms="3" started-at="2017-09-11T08:48:26Z" finished-at="2017-09-11T08:48:26Z">
          <reporter-output>
          </reporter-output>
        </test-method> <!-- afterClass -->
      </class> <!-- testNGFramework.Check -->
    </test> <!-- Test -->
  </suite> <!-- Suite -->
</testng-results>
