<?xml version="1.0" encoding="UTF-8"?>
<testng-results skipped="0" failed="0" total="1" passed="1">
  <reporter-output>
  </reporter-output>
  <suite name="Suite" duration-ms="119269" started-at="2017-12-06T09:09:53Z" finished-at="2017-12-06T09:11:52Z">
    <groups>
    </groups>
    <test name="Test" duration-ms="119269" started-at="2017-12-06T09:09:53Z" finished-at="2017-12-06T09:11:52Z">
      <class name="com.scripts.LoginScenario">
        <test-method status="PASS" signature="setUP()[pri:0, instance:com.scripts.LoginScenario@57829d67]" name="setUP" is-config="true" duration-ms="87525" started-at="2017-12-06T14:39:53Z" finished-at="2017-12-06T14:41:21Z">
          <reporter-output>
          </reporter-output>
        </test-method> <!-- setUP -->
        <test-method status="PASS" signature="verifySuccessfulLogin()[pri:0, instance:com.scripts.LoginScenario@57829d67]" name="verifySuccessfulLogin" duration-ms="24565" started-at="2017-12-06T14:41:21Z" finished-at="2017-12-06T14:41:45Z">
          <reporter-output>
          </reporter-output>
        </test-method> <!-- verifySuccessfulLogin -->
        <test-method status="PASS" signature="tearDown()[pri:0, instance:com.scripts.LoginScenario@57829d67]" name="tearDown" is-config="true" duration-ms="7155" started-at="2017-12-06T14:41:45Z" finished-at="2017-12-06T14:41:52Z">
          <reporter-output>
          </reporter-output>
        </test-method> <!-- tearDown -->
      </class> <!-- com.scripts.LoginScenario -->
    </test> <!-- Test -->
  </suite> <!-- Suite -->
</testng-results>
