<?xml version="1.0" encoding="UTF-8"?>
<testng-results skipped="0" failed="0" ignored="0" total="3" passed="3">
  <reporter-output>
  </reporter-output>
  <suite name="Default suite" duration-ms="36" started-at="2017-01-02T06:46:10Z" finished-at="2017-01-02T06:46:10Z">
    <groups>
    </groups>
    <test name="Default test" duration-ms="36" started-at="2017-01-02T06:46:10Z" finished-at="2017-01-02T06:46:10Z">
      <class name="testNGFrameWork.WithOutPriority">
        <test-method status="PASS" signature="forthTest()[pri:3, instance:testNGFrameWork.WithOutPriority@68be2bc2]" name="forthTest" duration-ms="10" started-at="2017-01-02T12:16:10Z" finished-at="2017-01-02T12:16:10Z">
          <reporter-output>
          </reporter-output>
        </test-method> <!-- forthTest -->
        <test-method status="PASS" signature="secondTest()[pri:3, instance:testNGFrameWork.WithOutPriority@68be2bc2]" name="secondTest" duration-ms="1" started-at="2017-01-02T12:16:10Z" finished-at="2017-01-02T12:16:10Z">
          <reporter-output>
          </reporter-output>
        </test-method> <!-- secondTest -->
        <test-method status="PASS" signature="thirdTest()[pri:3, instance:testNGFrameWork.WithOutPriority@68be2bc2]" name="thirdTest" duration-ms="2" started-at="2017-01-02T12:16:10Z" finished-at="2017-01-02T12:16:10Z">
          <reporter-output>
          </reporter-output>
        </test-method> <!-- thirdTest -->
      </class> <!-- testNGFrameWork.WithOutPriority -->
    </test> <!-- Default test -->
  </suite> <!-- Default suite -->
</testng-results>
