<?xml version="1.0" encoding="UTF-8"?>
<testng-results skipped="0" failed="0" total="1" passed="1">
  <reporter-output>
  </reporter-output>
  <suite name="Suite" duration-ms="20" started-at="2019-11-21T10:50:56Z" finished-at="2019-11-21T10:50:56Z">
    <groups>
      <group name="A">
        <method signature="TestngDemo.test1()[pri:0, instance:Com.capg.DemoSelenium43.TestngDemo@6ad5c04e]" name="test1" class="Com.capg.DemoSelenium43.TestngDemo"/>
      </group> <!-- A -->
    </groups>
    <test name="Test" duration-ms="20" started-at="2019-11-21T10:50:56Z" finished-at="2019-11-21T10:50:56Z">
      <class name="Com.capg.DemoSelenium43.TestngDemo">
        <test-method status="PASS" signature="test1()[pri:0, instance:Com.capg.DemoSelenium43.TestngDemo@6ad5c04e]" name="test1" duration-ms="9" started-at="2019-11-21T16:20:56Z" finished-at="2019-11-21T16:20:56Z">
          <reporter-output>
          </reporter-output>
        </test-method> <!-- test1 -->
      </class> <!-- Com.capg.DemoSelenium43.TestngDemo -->
    </test> <!-- Test -->
  </suite> <!-- Suite -->
</testng-results>
