<?xml version="1.0" encoding="UTF-8"?>
<testng-results skipped="0" failed="0" total="1" passed="1">
  <reporter-output>
  </reporter-output>
  <suite name="Suite" duration-ms="147985" started-at="2017-12-06T09:13:42Z" finished-at="2017-12-06T09:16:10Z">
    <groups>
    </groups>
    <test name="FirefoxTest" duration-ms="147985" started-at="2017-12-06T09:13:42Z" finished-at="2017-12-06T09:16:10Z">
      <class name="testScripts.TestContactUs">
        <test-method status="PASS" signature="setUp(java.lang.String)[pri:0, instance:testScripts.TestContactUs@17f6480]" name="setUp" is-config="true" duration-ms="70952" started-at="2017-12-06T14:43:42Z" finished-at="2017-12-06T14:44:53Z">
          <params>
            <param index="0">
              <value>
                <![CDATA[firefox]]>
              </value>
            </param>
          </params>
          <reporter-output>
          </reporter-output>
        </test-method> <!-- setUp -->
        <test-method status="PASS" signature="verifyContactUs(java.lang.String)[pri:0, instance:testScripts.TestContactUs@17f6480]" name="verifyContactUs" duration-ms="59188" started-at="2017-12-06T14:44:53Z" finished-at="2017-12-06T14:45:53Z">
          <params>
            <param index="0">
              <value>
                <![CDATA[test.txt]]>
              </value>
            </param>
          </params>
          <reporter-output>
          </reporter-output>
        </test-method> <!-- verifyContactUs -->
        <test-method status="PASS" signature="tearDown()[pri:0, instance:testScripts.TestContactUs@17f6480]" name="tearDown" is-config="true" duration-ms="17742" started-at="2017-12-06T14:45:53Z" finished-at="2017-12-06T14:46:10Z">
          <reporter-output>
          </reporter-output>
        </test-method> <!-- tearDown -->
      </class> <!-- testScripts.TestContactUs -->
    </test> <!-- FirefoxTest -->
  </suite> <!-- Suite -->
</testng-results>
